Using pre-set license
Built from '2021.3/staging' branch; Version is '2021.3.22f1 (b6c551784ba3) revision 11978065'; Using compiler version '192829333'; Build Type 'Release'
OS: 'Windows 11  (10.0.22631) 64bit Professional' Language: 'ko' Physical Memory: 16163 MB
BatchMode: 1, IsHumanControllingUs: 0, StartBugReporterOnCrash: 0, Is64bit: 1, IsPro: 1

COMMAND LINE ARGUMENTS:
C:\Program Files\Unity\Hub\Editor\2021.3.22f1\Editor\Unity.exe
-adb2
-batchMode
-noUpm
-name
AssetImportWorker2
-projectPath
D:/Git/MergeLandProject/My project
-logFile
Logs/AssetImportWorker2.log
-srvPort
50551
Successfully changed project path to: D:/Git/MergeLandProject/My project
D:/Git/MergeLandProject/My project
[UnityMemory] Configuration Parameters - Can be set up in boot.config
    "memorysetup-bucket-allocator-granularity=16"
    "memorysetup-bucket-allocator-bucket-count=8"
    "memorysetup-bucket-allocator-block-size=33554432"
    "memorysetup-bucket-allocator-block-count=8"
    "memorysetup-main-allocator-block-size=16777216"
    "memorysetup-thread-allocator-block-size=16777216"
    "memorysetup-gfx-main-allocator-block-size=16777216"
    "memorysetup-gfx-thread-allocator-block-size=16777216"
    "memorysetup-cache-allocator-block-size=4194304"
    "memorysetup-typetree-allocator-block-size=2097152"
    "memorysetup-profiler-bucket-allocator-granularity=16"
    "memorysetup-profiler-bucket-allocator-bucket-count=8"
    "memorysetup-profiler-bucket-allocator-block-size=33554432"
    "memorysetup-profiler-bucket-allocator-block-count=8"
    "memorysetup-profiler-allocator-block-size=16777216"
    "memorysetup-profiler-editor-allocator-block-size=1048576"
    "memorysetup-temp-allocator-size-main=16777216"
    "memorysetup-job-temp-allocator-block-size=2097152"
    "memorysetup-job-temp-allocator-block-size-background=1048576"
    "memorysetup-job-temp-allocator-reduction-small-platforms=262144"
    "memorysetup-temp-allocator-size-background-worker=32768"
    "memorysetup-temp-allocator-size-job-worker=262144"
    "memorysetup-temp-allocator-size-preload-manager=33554432"
    "memorysetup-temp-allocator-size-nav-mesh-worker=65536"
    "memorysetup-temp-allocator-size-audio-worker=65536"
    "memorysetup-temp-allocator-size-cloud-worker=32768"
    "memorysetup-temp-allocator-size-gi-baking-worker=262144"
    "memorysetup-temp-allocator-size-gfx=262144"
Player connection [21336] Host "[IP] 121.137.68.55 [Port] 0 [Flags] 2 [Guid] 3126604570 [EditorId] 3126604570 [Version] 1048832 [Id] WindowsEditor(7,DESKTOP-2FNUVDS) [Debug] 1 [PackageName] WindowsEditor [ProjectName] Editor" joined multi-casting on [225.0.0.222:54997]...

Player connection [21336] Host "[IP] 121.137.68.55 [Port] 0 [Flags] 2 [Guid] 3126604570 [EditorId] 3126604570 [Version] 1048832 [Id] WindowsEditor(7,DESKTOP-2FNUVDS) [Debug] 1 [PackageName] WindowsEditor [ProjectName] Editor" joined alternative multi-casting on [225.0.0.222:34997]...

Refreshing native plugins compatible for Editor in 124.49 ms, found 3 plugins.
Preloading 0 native plugins for Editor in 0.00 ms.
Initialize engine version: 2021.3.22f1 (b6c551784ba3)
[Subsystems] Discovering subsystems at path C:/Program Files/Unity/Hub/Editor/2021.3.22f1/Editor/Data/Resources/UnitySubsystems
[Subsystems] Discovering subsystems at path D:/Git/MergeLandProject/My project/Assets
GfxDevice: creating device client; threaded=0; jobified=0
Direct3D:
    Version:  Direct3D 11.0 [level 11.1]
    Renderer: NVIDIA GeForce GTX 1070 (ID=0x1b81)
    Vendor:   NVIDIA
    VRAM:     8067 MB
    Driver:   32.0.15.6094
Initialize mono
Mono path[0] = 'C:/Program Files/Unity/Hub/Editor/2021.3.22f1/Editor/Data/Managed'
Mono path[1] = 'C:/Program Files/Unity/Hub/Editor/2021.3.22f1/Editor/Data/MonoBleedingEdge/lib/mono/unityjit-win32'
Mono config path = 'C:/Program Files/Unity/Hub/Editor/2021.3.22f1/Editor/Data/MonoBleedingEdge/etc'
Using monoOptions --debugger-agent=transport=dt_socket,embedding=1,server=y,suspend=n,address=127.0.0.1:56328
Begin MonoManager ReloadAssembly
Registering precompiled unity dll's ...
Register platform support module: C:/Program Files/Unity/Hub/Editor/2021.3.22f1/Editor/Data/PlaybackEngines/AndroidPlayer/UnityEditor.Android.Extensions.dll
Register platform support module: C:/Program Files/Unity/Hub/Editor/2021.3.22f1/Editor/Data/PlaybackEngines/iOSSupport/UnityEditor.iOS.Extensions.dll
Register platform support module: C:/Program Files/Unity/Hub/Editor/2021.3.22f1/Editor/Data/PlaybackEngines/WindowsStandaloneSupport/UnityEditor.WindowsStandalone.Extensions.dll
Registered in 0.013382 seconds.
Native extension for WindowsStandalone target not found
[usbmuxd] Start listen thread
[usbmuxd] Listen thread started
Native extension for iOS target not found
Native extension for Android target not found
Android Extension - Scanning For ADB Devices 398 ms
Refreshing native plugins compatible for Editor in 107.64 ms, found 3 plugins.
Preloading 0 native plugins for Editor in 0.00 ms.
Mono: successfully reloaded assembly
- Completed reload, in  1.266 seconds
Domain Reload Profiling:
	ReloadAssembly (1266ms)
		BeginReloadAssembly (126ms)
			ExecutionOrderSort (0ms)
			DisableScriptedObjects (0ms)
			BackupInstance (0ms)
			ReleaseScriptingObjects (0ms)
			CreateAndSetChildDomain (1ms)
		EndReloadAssembly (1017ms)
			LoadAssemblies (124ms)
			RebuildTransferFunctionScriptingTraits (0ms)
			SetupTypeCache (145ms)
			ReleaseScriptCaches (0ms)
			RebuildScriptCaches (41ms)
			SetupLoadedEditorAssemblies (754ms)
				LogAssemblyErrors (0ms)
				InitializePlatformSupportModulesInManaged (506ms)
				SetLoadedEditorAssemblies (0ms)
				RefreshPlugins (108ms)
				BeforeProcessingInitializeOnLoad (1ms)
				ProcessInitializeOnLoadAttributes (87ms)
				ProcessInitializeOnLoadMethodAttributes (52ms)
				AfterProcessingInitializeOnLoad (0ms)
				EditorAssembliesLoaded (0ms)
			ExecutionOrderSort2 (0ms)
			AwakeInstancesAfterBackupRestoration (0ms)
Platform modules already initialized, skipping
Registering precompiled user dll's ...
Registered in 0.007667 seconds.
Begin MonoManager ReloadAssembly
Symbol file LoadedFromMemory doesn't match image D:\Git\MergeLandProject\My project\Library\PackageCache\com.unity.visualscripting@1.8.0\Editor\VisualScripting.Core\Dependencies\YamlDotNet\Unity.VisualScripting.YamlDotNet.dll
Symbol file LoadedFromMemory doesn't match image D:\Git\MergeLandProject\My project\Library\PackageCache\com.unity.visualscripting@1.8.0\Editor\VisualScripting.Core\Dependencies\DotNetZip\Unity.VisualScripting.IonicZip.dll
Native extension for WindowsStandalone target not found
Native extension for iOS target not found
Native extension for Android target not found
Refreshing native plugins compatible for Editor in 114.18 ms, found 3 plugins.
Preloading 0 native plugins for Editor in 0.00 ms.
Mono: successfully reloaded assembly
- Completed reload, in  1.677 seconds
Domain Reload Profiling:
	ReloadAssembly (1678ms)
		BeginReloadAssembly (134ms)
			ExecutionOrderSort (0ms)
			DisableScriptedObjects (6ms)
			BackupInstance (0ms)
			ReleaseScriptingObjects (0ms)
			CreateAndSetChildDomain (19ms)
		EndReloadAssembly (1446ms)
			LoadAssemblies (124ms)
			RebuildTransferFunctionScriptingTraits (0ms)
			SetupTypeCache (330ms)
			ReleaseScriptCaches (1ms)
			RebuildScriptCaches (62ms)
			SetupLoadedEditorAssemblies (902ms)
				LogAssemblyErrors (0ms)
				InitializePlatformSupportModulesInManaged (29ms)
				SetLoadedEditorAssemblies (0ms)
				RefreshPlugins (114ms)
				BeforeProcessingInitializeOnLoad (133ms)
				ProcessInitializeOnLoadAttributes (529ms)
				ProcessInitializeOnLoadMethodAttributes (84ms)
				AfterProcessingInitializeOnLoad (12ms)
				EditorAssembliesLoaded (0ms)
			ExecutionOrderSort2 (0ms)
			AwakeInstancesAfterBackupRestoration (8ms)
Platform modules already initialized, skipping
========================================================================
Worker process is ready to serve import requests
Launched and connected shader compiler UnityShaderCompiler.exe after 0.07 seconds
Refreshing native plugins compatible for Editor in 1.24 ms, found 3 plugins.
Preloading 0 native plugins for Editor in 0.00 ms.
Unloading 5107 Unused Serialized files (Serialized files now loaded: 0)
Unloading 38 unused Assets / (0.7 MB). Loaded Objects now: 5571.
Memory consumption went from 204.7 MB to 204.0 MB.
Total: 4.161900 ms (FindLiveObjects: 0.421500 ms CreateObjectMapping: 0.313400 ms MarkObjects: 3.044800 ms  DeleteObjects: 0.381000 ms)

AssetImportParameters requested are different than current active one (requested -> active):
  custom:video-decoder-ogg-theora: a1e56fd34408186e4bbccfd4996cb3dc -> 
  custom:container-muxer-webm: aa71ff27fc2769a1b78a27578f13a17b -> 
  custom:container-demuxer-webm: 4f35f7cbe854078d1ac9338744f61a02 -> 
  custom:video-encoder-webm-vp8: eb34c28f22e8b96e1ab97ce403110664 -> 
  custom:audio-encoder-webm-vorbis: bf7c407c2cedff20999df2af8eb42d56 -> 
  custom:framework-win-MediaFoundation: 216162199b28c13a410421893ffa2e32 -> 
  custom:container-demuxer-ogg: 62fdf1f143b41e24485cea50d1cbac27 -> 
  custom:video-decoder-webm-vp8: 9c59270c3fd7afecdb556c50c9e8de78 -> 
  custom:audio-decoder-ogg-vorbis: bf7c407c2cedff20999df2af8eb42d56 -> 
========================================================================
Received Import Request.
  Time since last request: 12968.368435 seconds.
  path: Assets/Suriyun/Pspsps/Prefab
  artifactKey: Guid(af1b143dda6ac744f8534a08f708deeb) Importer(815301076,1909f56bfc062723c751e8b465ee728b)
Start importing Assets/Suriyun/Pspsps/Prefab using Guid(af1b143dda6ac744f8534a08f708deeb) Importer(815301076,1909f56bfc062723c751e8b465ee728b)  -> (artifact id: '2c91bf33b76450b373fda5e45887c918') in 0.018481 seconds 
========================================================================
Received Import Request.
  Time since last request: 1.775239 seconds.
  path: Assets/Suriyun/Pspsps/Prefab/Environment
  artifactKey: Guid(02a66ca0bd034104184c0097b83bfc0b) Importer(815301076,1909f56bfc062723c751e8b465ee728b)
Start importing Assets/Suriyun/Pspsps/Prefab/Environment using Guid(02a66ca0bd034104184c0097b83bfc0b) Importer(815301076,1909f56bfc062723c751e8b465ee728b)  -> (artifact id: '502e73e1b3be2964e86b7a986a68c2f7') in 0.010841 seconds 
========================================================================
Received Import Request.
  Time since last request: 0.140558 seconds.
  path: Assets/Suriyun/Pspsps/Prefab/Environment/Butterfly_A.prefab
  artifactKey: Guid(384a39fec3dc3374d9719f5c4d501373) Importer(815301076,1909f56bfc062723c751e8b465ee728b)
Start importing Assets/Suriyun/Pspsps/Prefab/Environment/Butterfly_A.prefab using Guid(384a39fec3dc3374d9719f5c4d501373) Importer(815301076,1909f56bfc062723c751e8b465ee728b)  -> (artifact id: '669a7dcbaabe8ebbd39a82e6106b4552') in 0.283710 seconds 
========================================================================
Received Import Request.
  Time since last request: 0.000041 seconds.
  path: Assets/Suriyun/Pspsps/Prefab/Environment/Tree_A.prefab
  artifactKey: Guid(a10dfe195ccfed04fbf136ccbd67ef58) Importer(815301076,1909f56bfc062723c751e8b465ee728b)
Start importing Assets/Suriyun/Pspsps/Prefab/Environment/Tree_A.prefab using Guid(a10dfe195ccfed04fbf136ccbd67ef58) Importer(815301076,1909f56bfc062723c751e8b465ee728b)  -> (artifact id: '9ceeae1f4bea08a02a3da310f0186d29') in 2.097516 seconds 
========================================================================
Received Import Request.
  Time since last request: 10.236908 seconds.
  path: Assets/Suriyun/Pspsps/Prefab/Accessory
  artifactKey: Guid(8777ef0b97718c245a1b13a70f1b4a26) Importer(815301076,1909f56bfc062723c751e8b465ee728b)
Start importing Assets/Suriyun/Pspsps/Prefab/Accessory using Guid(8777ef0b97718c245a1b13a70f1b4a26) Importer(815301076,1909f56bfc062723c751e8b465ee728b)  -> (artifact id: 'ddca7aca73892f3c93ca904cdfe0e5a0') in 0.007054 seconds 
========================================================================
Received Import Request.
  Time since last request: 0.088809 seconds.
  path: Assets/Suriyun/Pspsps/Prefab/Accessory/Bag_bread.prefab
  artifactKey: Guid(1ce07247bf01e734198059c9cb287636) Importer(815301076,1909f56bfc062723c751e8b465ee728b)
Start importing Assets/Suriyun/Pspsps/Prefab/Accessory/Bag_bread.prefab using Guid(1ce07247bf01e734198059c9cb287636) Importer(815301076,1909f56bfc062723c751e8b465ee728b)  -> (artifact id: '24cbb6e5ee3ae6ab46d9ce4fce8be6ed') in 0.031972 seconds 
========================================================================
Received Import Request.
  Time since last request: 0.000019 seconds.
  path: Assets/Suriyun/Pspsps/Prefab/Accessory/SpadA.prefab
  artifactKey: Guid(33bb2b50750361e4db306c8c6b871742) Importer(815301076,1909f56bfc062723c751e8b465ee728b)
Start importing Assets/Suriyun/Pspsps/Prefab/Accessory/SpadA.prefab using Guid(33bb2b50750361e4db306c8c6b871742) Importer(815301076,1909f56bfc062723c751e8b465ee728b)  -> (artifact id: '20488bb6ae92abe4d67963af4c5d2f7f') in 0.024210 seconds 
========================================================================
Received Import Request.
  Time since last request: 0.000030 seconds.
  path: Assets/Suriyun/Pspsps/Prefab/Accessory/Hiking_hat_A.prefab
  artifactKey: Guid(9947819c514b2ba49ba315f736db3322) Importer(815301076,1909f56bfc062723c751e8b465ee728b)
Start importing Assets/Suriyun/Pspsps/Prefab/Accessory/Hiking_hat_A.prefab using Guid(9947819c514b2ba49ba315f736db3322) Importer(815301076,1909f56bfc062723c751e8b465ee728b)  -> (artifact id: '67a7f3c97a9d5867bd5c2517af6d3a3a') in 0.033450 seconds 
========================================================================
Received Import Request.
  Time since last request: 0.000036 seconds.
  path: Assets/Suriyun/Pspsps/Prefab/Accessory/Dried_fish.prefab
  artifactKey: Guid(dd9ad4693355ca743acae7508c8df3ca) Importer(815301076,1909f56bfc062723c751e8b465ee728b)
Start importing Assets/Suriyun/Pspsps/Prefab/Accessory/Dried_fish.prefab using Guid(dd9ad4693355ca743acae7508c8df3ca) Importer(815301076,1909f56bfc062723c751e8b465ee728b)  -> (artifact id: '7468d213bc7e73312974af0735a3d4a7') in 0.023506 seconds 
========================================================================
Received Import Request.
  Time since last request: 0.000025 seconds.
  path: Assets/Suriyun/Pspsps/Prefab/Accessory/Whirligig_A.prefab
  artifactKey: Guid(e01982846fe474948a7562281443ec75) Importer(815301076,1909f56bfc062723c751e8b465ee728b)
Start importing Assets/Suriyun/Pspsps/Prefab/Accessory/Whirligig_A.prefab using Guid(e01982846fe474948a7562281443ec75) Importer(815301076,1909f56bfc062723c751e8b465ee728b)  -> (artifact id: '32671f0bd6855c0b3ce072e1f4f0effe') in 0.027618 seconds 
========================================================================
Received Import Request.
  Time since last request: 71.571140 seconds.
  path: Assets/Suriyun/Scripts/Camera Scripts
  artifactKey: Guid(f13e203515c8f714b8d99c80554b28ce) Importer(815301076,1909f56bfc062723c751e8b465ee728b)
Start importing Assets/Suriyun/Scripts/Camera Scripts using Guid(f13e203515c8f714b8d99c80554b28ce) Importer(815301076,1909f56bfc062723c751e8b465ee728b)  -> (artifact id: 'b2707c1bd28d8aa146b57a8c321763e1') in 0.008135 seconds 
========================================================================
Received Import Request.
  Time since last request: 3.488382 seconds.
  path: Assets/Suriyun/Scripts/Swapper1.cs
  artifactKey: Guid(0e846cabdb1ad6a4da46b71f23223dd6) Importer(815301076,1909f56bfc062723c751e8b465ee728b)
Start importing Assets/Suriyun/Scripts/Swapper1.cs using Guid(0e846cabdb1ad6a4da46b71f23223dd6) Importer(815301076,1909f56bfc062723c751e8b465ee728b)  -> (artifact id: 'a1bda2960e07296327ec9818eba2292f') in 0.017383 seconds 
========================================================================
Received Import Request.
  Time since last request: 58.976182 seconds.
  path: Assets/Resources/DOTweenSettings.asset
  artifactKey: Guid(122a4d6448644694e810d0c632fc60a5) Importer(815301076,1909f56bfc062723c751e8b465ee728b)
Start importing Assets/Resources/DOTweenSettings.asset using Guid(122a4d6448644694e810d0c632fc60a5) Importer(815301076,1909f56bfc062723c751e8b465ee728b)  -> (artifact id: 'a45bfe4eb0020f1a71715756b55680af') in 0.011653 seconds 
========================================================================
Received Import Request.
  Time since last request: 5.268106 seconds.
  path: Assets/Plugins
  artifactKey: Guid(dd2138b7b47c6874a956e1d6dc3d8b48) Importer(815301076,1909f56bfc062723c751e8b465ee728b)
Start importing Assets/Plugins using Guid(dd2138b7b47c6874a956e1d6dc3d8b48) Importer(815301076,1909f56bfc062723c751e8b465ee728b)  -> (artifact id: '1ea7a9ffbf899d8793cc1dbe84926b70') in 0.007626 seconds 
