Using pre-set license
Built from '2021.3/staging' branch; Version is '2021.3.22f1 (b6c551784ba3) revision 11978065'; Using compiler version '192829333'; Build Type 'Release'
OS: 'Windows 11  (10.0.22631) 64bit Professional' Language: 'ko' Physical Memory: 16163 MB
BatchMode: 1, IsHumanControllingUs: 0, StartBugReporterOnCrash: 0, Is64bit: 1, IsPro: 1

COMMAND LINE ARGUMENTS:
C:\Program Files\Unity\Hub\Editor\2021.3.22f1\Editor\Unity.exe
-adb2
-batchMode
-noUpm
-name
AssetImportWorker4
-projectPath
D:/Git/MergeLandProject/My project
-logFile
Logs/AssetImportWorker4.log
-srvPort
51142
Successfully changed project path to: D:/Git/MergeLandProject/My project
D:/Git/MergeLandProject/My project
[UnityMemory] Configuration Parameters - Can be set up in boot.config
    "memorysetup-bucket-allocator-granularity=16"
    "memorysetup-bucket-allocator-bucket-count=8"
    "memorysetup-bucket-allocator-block-size=33554432"
    "memorysetup-bucket-allocator-block-count=8"
    "memorysetup-main-allocator-block-size=16777216"
    "memorysetup-thread-allocator-block-size=16777216"
    "memorysetup-gfx-main-allocator-block-size=16777216"
    "memorysetup-gfx-thread-allocator-block-size=16777216"
    "memorysetup-cache-allocator-block-size=4194304"
    "memorysetup-typetree-allocator-block-size=2097152"
    "memorysetup-profiler-bucket-allocator-granularity=16"
    "memorysetup-profiler-bucket-allocator-bucket-count=8"
    "memorysetup-profiler-bucket-allocator-block-size=33554432"
    "memorysetup-profiler-bucket-allocator-block-count=8"
    "memorysetup-profiler-allocator-block-size=16777216"
    "memorysetup-profiler-editor-allocator-block-size=1048576"
    "memorysetup-temp-allocator-size-main=16777216"
    "memorysetup-job-temp-allocator-block-size=2097152"
    "memorysetup-job-temp-allocator-block-size-background=1048576"
    "memorysetup-job-temp-allocator-reduction-small-platforms=262144"
    "memorysetup-temp-allocator-size-background-worker=32768"
    "memorysetup-temp-allocator-size-job-worker=262144"
    "memorysetup-temp-allocator-size-preload-manager=33554432"
    "memorysetup-temp-allocator-size-nav-mesh-worker=65536"
    "memorysetup-temp-allocator-size-audio-worker=65536"
    "memorysetup-temp-allocator-size-cloud-worker=32768"
    "memorysetup-temp-allocator-size-gi-baking-worker=262144"
    "memorysetup-temp-allocator-size-gfx=262144"
Player connection [23020] Host "[IP] 211.195.40.71 [Port] 0 [Flags] 2 [Guid] 1764848345 [EditorId] 1764848345 [Version] 1048832 [Id] WindowsEditor(7,DESKTOP-2FNUVDS) [Debug] 1 [PackageName] WindowsEditor [ProjectName] Editor" joined multi-casting on [225.0.0.222:54997]...

Player connection [23020] Host "[IP] 211.195.40.71 [Port] 0 [Flags] 2 [Guid] 1764848345 [EditorId] 1764848345 [Version] 1048832 [Id] WindowsEditor(7,DESKTOP-2FNUVDS) [Debug] 1 [PackageName] WindowsEditor [ProjectName] Editor" joined alternative multi-casting on [225.0.0.222:34997]...

Refreshing native plugins compatible for Editor in 142.04 ms, found 3 plugins.
Preloading 0 native plugins for Editor in 0.00 ms.
Initialize engine version: 2021.3.22f1 (b6c551784ba3)
[Subsystems] Discovering subsystems at path C:/Program Files/Unity/Hub/Editor/2021.3.22f1/Editor/Data/Resources/UnitySubsystems
[Subsystems] Discovering subsystems at path D:/Git/MergeLandProject/My project/Assets
GfxDevice: creating device client; threaded=0; jobified=0
Direct3D:
    Version:  Direct3D 11.0 [level 11.1]
    Renderer: NVIDIA GeForce GTX 1070 (ID=0x1b81)
    Vendor:   NVIDIA
    VRAM:     8067 MB
    Driver:   32.0.15.6094
Initialize mono
Mono path[0] = 'C:/Program Files/Unity/Hub/Editor/2021.3.22f1/Editor/Data/Managed'
Mono path[1] = 'C:/Program Files/Unity/Hub/Editor/2021.3.22f1/Editor/Data/MonoBleedingEdge/lib/mono/unityjit-win32'
Mono config path = 'C:/Program Files/Unity/Hub/Editor/2021.3.22f1/Editor/Data/MonoBleedingEdge/etc'
Using monoOptions --debugger-agent=transport=dt_socket,embedding=1,server=y,suspend=n,address=127.0.0.1:56452
Begin MonoManager ReloadAssembly
Registering precompiled unity dll's ...
Register platform support module: C:/Program Files/Unity/Hub/Editor/2021.3.22f1/Editor/Data/PlaybackEngines/AndroidPlayer/UnityEditor.Android.Extensions.dll
Register platform support module: C:/Program Files/Unity/Hub/Editor/2021.3.22f1/Editor/Data/PlaybackEngines/iOSSupport/UnityEditor.iOS.Extensions.dll
Register platform support module: C:/Program Files/Unity/Hub/Editor/2021.3.22f1/Editor/Data/PlaybackEngines/WindowsStandaloneSupport/UnityEditor.WindowsStandalone.Extensions.dll
Registered in 0.012606 seconds.
Native extension for WindowsStandalone target not found
[usbmuxd] Start listen thread
[usbmuxd] Listen thread started
Native extension for iOS target not found
Native extension for Android target not found
Android Extension - Scanning For ADB Devices 307 ms
Refreshing native plugins compatible for Editor in 121.95 ms, found 3 plugins.
Preloading 0 native plugins for Editor in 0.00 ms.
Mono: successfully reloaded assembly
- Completed reload, in  1.048 seconds
Domain Reload Profiling:
	ReloadAssembly (1049ms)
		BeginReloadAssembly (100ms)
			ExecutionOrderSort (0ms)
			DisableScriptedObjects (0ms)
			BackupInstance (0ms)
			ReleaseScriptingObjects (0ms)
			CreateAndSetChildDomain (1ms)
		EndReloadAssembly (839ms)
			LoadAssemblies (98ms)
			RebuildTransferFunctionScriptingTraits (0ms)
			SetupTypeCache (109ms)
			ReleaseScriptCaches (0ms)
			RebuildScriptCaches (30ms)
			SetupLoadedEditorAssemblies (646ms)
				LogAssemblyErrors (0ms)
				InitializePlatformSupportModulesInManaged (381ms)
				SetLoadedEditorAssemblies (0ms)
				RefreshPlugins (122ms)
				BeforeProcessingInitializeOnLoad (2ms)
				ProcessInitializeOnLoadAttributes (91ms)
				ProcessInitializeOnLoadMethodAttributes (50ms)
				AfterProcessingInitializeOnLoad (0ms)
				EditorAssembliesLoaded (0ms)
			ExecutionOrderSort2 (0ms)
			AwakeInstancesAfterBackupRestoration (0ms)
Platform modules already initialized, skipping
Registering precompiled user dll's ...
Registered in 0.008115 seconds.
Begin MonoManager ReloadAssembly
Symbol file LoadedFromMemory doesn't match image D:\Git\MergeLandProject\My project\Library\PackageCache\com.unity.visualscripting@1.8.0\Editor\VisualScripting.Core\Dependencies\YamlDotNet\Unity.VisualScripting.YamlDotNet.dll
Symbol file LoadedFromMemory doesn't match image D:\Git\MergeLandProject\My project\Library\PackageCache\com.unity.visualscripting@1.8.0\Editor\VisualScripting.Core\Dependencies\DotNetZip\Unity.VisualScripting.IonicZip.dll
Native extension for WindowsStandalone target not found
Native extension for iOS target not found
Native extension for Android target not found
Refreshing native plugins compatible for Editor in 122.57 ms, found 3 plugins.
Preloading 0 native plugins for Editor in 0.00 ms.
Mono: successfully reloaded assembly
- Completed reload, in  1.560 seconds
Domain Reload Profiling:
	ReloadAssembly (1561ms)
		BeginReloadAssembly (136ms)
			ExecutionOrderSort (0ms)
			DisableScriptedObjects (6ms)
			BackupInstance (0ms)
			ReleaseScriptingObjects (0ms)
			CreateAndSetChildDomain (20ms)
		EndReloadAssembly (1323ms)
			LoadAssemblies (126ms)
			RebuildTransferFunctionScriptingTraits (0ms)
			SetupTypeCache (355ms)
			ReleaseScriptCaches (2ms)
			RebuildScriptCaches (76ms)
			SetupLoadedEditorAssemblies (732ms)
				LogAssemblyErrors (0ms)
				InitializePlatformSupportModulesInManaged (31ms)
				SetLoadedEditorAssemblies (0ms)
				RefreshPlugins (123ms)
				BeforeProcessingInitializeOnLoad (142ms)
				ProcessInitializeOnLoadAttributes (340ms)
				ProcessInitializeOnLoadMethodAttributes (85ms)
				AfterProcessingInitializeOnLoad (11ms)
				EditorAssembliesLoaded (0ms)
			ExecutionOrderSort2 (0ms)
			AwakeInstancesAfterBackupRestoration (8ms)
Platform modules already initialized, skipping
========================================================================
Worker process is ready to serve import requests
Launched and connected shader compiler UnityShaderCompiler.exe after 0.05 seconds
Refreshing native plugins compatible for Editor in 1.09 ms, found 3 plugins.
Preloading 0 native plugins for Editor in 0.00 ms.
Unloading 5453 Unused Serialized files (Serialized files now loaded: 0)
Unloading 42 unused Assets / (0.7 MB). Loaded Objects now: 5917.
Memory consumption went from 219.4 MB to 218.7 MB.
Total: 3.885900 ms (FindLiveObjects: 0.391300 ms CreateObjectMapping: 0.292000 ms MarkObjects: 2.917800 ms  DeleteObjects: 0.284200 ms)

AssetImportParameters requested are different than current active one (requested -> active):
  custom:video-decoder-ogg-theora: a1e56fd34408186e4bbccfd4996cb3dc -> 
  custom:container-muxer-webm: aa71ff27fc2769a1b78a27578f13a17b -> 
  custom:container-demuxer-webm: 4f35f7cbe854078d1ac9338744f61a02 -> 
  custom:video-encoder-webm-vp8: eb34c28f22e8b96e1ab97ce403110664 -> 
  custom:audio-encoder-webm-vorbis: bf7c407c2cedff20999df2af8eb42d56 -> 
  custom:framework-win-MediaFoundation: 216162199b28c13a410421893ffa2e32 -> 
  custom:container-demuxer-ogg: 62fdf1f143b41e24485cea50d1cbac27 -> 
  custom:video-decoder-webm-vp8: 9c59270c3fd7afecdb556c50c9e8de78 -> 
  custom:audio-decoder-ogg-vorbis: bf7c407c2cedff20999df2af8eb42d56 -> 
========================================================================
Received Import Request.
  Time since last request: 608184.278345 seconds.
  path: Assets/Suriyun/Pspsps/Prefab/Characters/Chibi_Cat_09.prefab
  artifactKey: Guid(b4fc71ddd6a39e142926411a5f8147de) Importer(815301076,1909f56bfc062723c751e8b465ee728b)
Start importing Assets/Suriyun/Pspsps/Prefab/Characters/Chibi_Cat_09.prefab using Guid(b4fc71ddd6a39e142926411a5f8147de) Importer(815301076,1909f56bfc062723c751e8b465ee728b)  -> (artifact id: '0d8cac005c69b897b95b307c200805de') in 0.380037 seconds 
========================================================================
Received Import Request.
  Time since last request: 1.508747 seconds.
  path: Assets/Suriyun/Pspsps/Prefab/Characters/Chibi_Cat_00.prefab
  artifactKey: Guid(ca7723b78d9cb3f4591d1de36bfaa445) Importer(815301076,1909f56bfc062723c751e8b465ee728b)
Start importing Assets/Suriyun/Pspsps/Prefab/Characters/Chibi_Cat_00.prefab using Guid(ca7723b78d9cb3f4591d1de36bfaa445) Importer(815301076,1909f56bfc062723c751e8b465ee728b)  -> (artifact id: '9d98088001a4ef89ce4f24cb5ebd345a') in 0.025062 seconds 
========================================================================
Received Import Request.
  Time since last request: 0.000025 seconds.
  path: Assets/Suriyun/Pspsps/Prefab/Characters/Chibi_Cat_04.prefab
  artifactKey: Guid(82f864f3c3980f54884017918a66727e) Importer(815301076,1909f56bfc062723c751e8b465ee728b)
Start importing Assets/Suriyun/Pspsps/Prefab/Characters/Chibi_Cat_04.prefab using Guid(82f864f3c3980f54884017918a66727e) Importer(815301076,1909f56bfc062723c751e8b465ee728b)  -> (artifact id: '00bf8457429db1b43c66919513d25a2d') in 0.029456 seconds 
========================================================================
Received Import Request.
  Time since last request: 0.000032 seconds.
  path: Assets/Suriyun/Pspsps/Prefab/Characters/Chibi_Cat_03.prefab
  artifactKey: Guid(720e20d598733f74699ef0e5413891c8) Importer(815301076,1909f56bfc062723c751e8b465ee728b)
Start importing Assets/Suriyun/Pspsps/Prefab/Characters/Chibi_Cat_03.prefab using Guid(720e20d598733f74699ef0e5413891c8) Importer(815301076,1909f56bfc062723c751e8b465ee728b)  -> (artifact id: 'bdad6c18c792a42713b614f87e3c1078') in 0.032861 seconds 
========================================================================
Received Import Request.
  Time since last request: 0.000032 seconds.
  path: Assets/Suriyun/Pspsps/Prefab/Characters/Chibi_Cat_Show_Equipment.prefab
  artifactKey: Guid(dd0d70099c0064c42bbbd471ede892a3) Importer(815301076,1909f56bfc062723c751e8b465ee728b)
Start importing Assets/Suriyun/Pspsps/Prefab/Characters/Chibi_Cat_Show_Equipment.prefab using Guid(dd0d70099c0064c42bbbd471ede892a3) Importer(815301076,1909f56bfc062723c751e8b465ee728b)  -> (artifact id: 'b21ac5d32e688b89c87ae4d624241d0c') in 0.099547 seconds 
========================================================================
Received Import Request.
  Time since last request: 1.059459 seconds.
  path: Assets/Suriyun/Pspsps/Prefab/Characters/Chibi_Cat_00.prefab
  artifactKey: Guid(ca7723b78d9cb3f4591d1de36bfaa445) Importer(815301076,1909f56bfc062723c751e8b465ee728b)
Start importing Assets/Suriyun/Pspsps/Prefab/Characters/Chibi_Cat_00.prefab using Guid(ca7723b78d9cb3f4591d1de36bfaa445) Importer(815301076,1909f56bfc062723c751e8b465ee728b)  -> (artifact id: '07cbf573267ae80c15825b17d20886be') in 0.028737 seconds 
========================================================================
Received Import Request.
  Time since last request: 0.000026 seconds.
  path: Assets/Suriyun/Pspsps/Prefab/Characters/Chibi_Cat_08.prefab
  artifactKey: Guid(3acf5afc1f4c12347b6b848fb484e41a) Importer(815301076,1909f56bfc062723c751e8b465ee728b)
Start importing Assets/Suriyun/Pspsps/Prefab/Characters/Chibi_Cat_08.prefab using Guid(3acf5afc1f4c12347b6b848fb484e41a) Importer(815301076,1909f56bfc062723c751e8b465ee728b)  -> (artifact id: 'dbb510b825d60d1f6c4940a8b2ff8e14') in 0.027983 seconds 
========================================================================
Received Import Request.
  Time since last request: 0.000042 seconds.
  path: Assets/Suriyun/Pspsps/Prefab/Characters/Chibi_Cat_06.prefab
  artifactKey: Guid(baa36186587bd9d4ab769976bbfb187e) Importer(815301076,1909f56bfc062723c751e8b465ee728b)
Start importing Assets/Suriyun/Pspsps/Prefab/Characters/Chibi_Cat_06.prefab using Guid(baa36186587bd9d4ab769976bbfb187e) Importer(815301076,1909f56bfc062723c751e8b465ee728b)  -> (artifact id: 'f7b636604e04295b350da4254621336e') in 0.030453 seconds 
========================================================================
Received Import Request.
  Time since last request: 0.000038 seconds.
  path: Assets/Suriyun/Pspsps/Prefab/Characters/Chibi_Cat_Show_Equipment.prefab
  artifactKey: Guid(dd0d70099c0064c42bbbd471ede892a3) Importer(815301076,1909f56bfc062723c751e8b465ee728b)
Start importing Assets/Suriyun/Pspsps/Prefab/Characters/Chibi_Cat_Show_Equipment.prefab using Guid(dd0d70099c0064c42bbbd471ede892a3) Importer(815301076,1909f56bfc062723c751e8b465ee728b)  -> (artifact id: '3b9d70a62434f42bfdd0e71065abf0e4') in 0.093178 seconds 
========================================================================
Received Import Request.
  Time since last request: 0.850710 seconds.
  path: Assets/Suriyun/Pspsps/Prefab/Characters/Chibi_Cat_00.prefab
  artifactKey: Guid(ca7723b78d9cb3f4591d1de36bfaa445) Importer(815301076,1909f56bfc062723c751e8b465ee728b)
Start importing Assets/Suriyun/Pspsps/Prefab/Characters/Chibi_Cat_00.prefab using Guid(ca7723b78d9cb3f4591d1de36bfaa445) Importer(815301076,1909f56bfc062723c751e8b465ee728b)  -> (artifact id: 'ea8993b97ecd2a96bfc5d42dff7aa74b') in 0.029077 seconds 
========================================================================
Received Import Request.
  Time since last request: 0.000024 seconds.
  path: Assets/Suriyun/Pspsps/Prefab/Characters/Chibi_Cat_05.prefab
  artifactKey: Guid(6bcde8da7d11c3145b1ffa422536ddff) Importer(815301076,1909f56bfc062723c751e8b465ee728b)
Start importing Assets/Suriyun/Pspsps/Prefab/Characters/Chibi_Cat_05.prefab using Guid(6bcde8da7d11c3145b1ffa422536ddff) Importer(815301076,1909f56bfc062723c751e8b465ee728b)  -> (artifact id: '33b70c4bfa840e69e2a6351159b8de60') in 0.029321 seconds 
========================================================================
Received Import Request.
  Time since last request: 0.000029 seconds.
  path: Assets/Suriyun/Pspsps/Prefab/Characters/Chibi_Cat_07.prefab
  artifactKey: Guid(2a1777b46cb191d409ae3f72d74cea05) Importer(815301076,1909f56bfc062723c751e8b465ee728b)
Start importing Assets/Suriyun/Pspsps/Prefab/Characters/Chibi_Cat_07.prefab using Guid(2a1777b46cb191d409ae3f72d74cea05) Importer(815301076,1909f56bfc062723c751e8b465ee728b)  -> (artifact id: '7b169bd0aa8a1dbda14f0317f322694e') in 0.027515 seconds 
========================================================================
Received Import Request.
  Time since last request: 0.000032 seconds.
  path: Assets/Suriyun/Pspsps/Prefab/Characters/Chibi_Cat_Show_Equipment.prefab
  artifactKey: Guid(dd0d70099c0064c42bbbd471ede892a3) Importer(815301076,1909f56bfc062723c751e8b465ee728b)
Start importing Assets/Suriyun/Pspsps/Prefab/Characters/Chibi_Cat_Show_Equipment.prefab using Guid(dd0d70099c0064c42bbbd471ede892a3) Importer(815301076,1909f56bfc062723c751e8b465ee728b)  -> (artifact id: 'f95d4a25508a3fde2a0b995ec0e3bc96') in 0.094732 seconds 
========================================================================
Received Prepare
Registering precompiled user dll's ...
Registered in 0.007288 seconds.
Begin MonoManager ReloadAssembly
Symbol file LoadedFromMemory doesn't match image D:\Git\MergeLandProject\My project\Library\PackageCache\com.unity.visualscripting@1.8.0\Editor\VisualScripting.Core\Dependencies\YamlDotNet\Unity.VisualScripting.YamlDotNet.dll
Symbol file LoadedFromMemory doesn't match image D:\Git\MergeLandProject\My project\Library\PackageCache\com.unity.visualscripting@1.8.0\Editor\VisualScripting.Core\Dependencies\DotNetZip\Unity.VisualScripting.IonicZip.dll
Native extension for WindowsStandalone target not found
Native extension for iOS target not found
Native extension for Android target not found
Refreshing native plugins compatible for Editor in 1.44 ms, found 3 plugins.
Preloading 0 native plugins for Editor in 0.00 ms.
Mono: successfully reloaded assembly
- Completed reload, in  1.803 seconds
Domain Reload Profiling:
	ReloadAssembly (1804ms)
		BeginReloadAssembly (198ms)
			ExecutionOrderSort (0ms)
			DisableScriptedObjects (13ms)
			BackupInstance (0ms)
			ReleaseScriptingObjects (0ms)
			CreateAndSetChildDomain (54ms)
		EndReloadAssembly (1467ms)
			LoadAssemblies (144ms)
			RebuildTransferFunctionScriptingTraits (0ms)
			SetupTypeCache (495ms)
			ReleaseScriptCaches (2ms)
			RebuildScriptCaches (73ms)
			SetupLoadedEditorAssemblies (645ms)
				LogAssemblyErrors (0ms)
				InitializePlatformSupportModulesInManaged (38ms)
				SetLoadedEditorAssemblies (0ms)
				RefreshPlugins (2ms)
				BeforeProcessingInitializeOnLoad (131ms)
				ProcessInitializeOnLoadAttributes (360ms)
				ProcessInitializeOnLoadMethodAttributes (96ms)
				AfterProcessingInitializeOnLoad (16ms)
				EditorAssembliesLoaded (2ms)
			ExecutionOrderSort2 (0ms)
			AwakeInstancesAfterBackupRestoration (18ms)
Platform modules already initialized, skipping
Refreshing native plugins compatible for Editor in 2.37 ms, found 3 plugins.
Preloading 0 native plugins for Editor in 0.00 ms.
Unloading 5332 Unused Serialized files (Serialized files now loaded: 0)
Unloading 29 unused Assets / (0.7 MB). Loaded Objects now: 5974.
Memory consumption went from 230.4 MB to 229.7 MB.
Total: 3.394300 ms (FindLiveObjects: 0.360400 ms CreateObjectMapping: 0.278200 ms MarkObjects: 2.479500 ms  DeleteObjects: 0.275400 ms)

AssetImportParameters requested are different than current active one (requested -> active):
  custom:video-decoder-ogg-theora: a1e56fd34408186e4bbccfd4996cb3dc -> 
  custom:container-muxer-webm: aa71ff27fc2769a1b78a27578f13a17b -> 
  custom:container-demuxer-webm: 4f35f7cbe854078d1ac9338744f61a02 -> 
  custom:video-encoder-webm-vp8: eb34c28f22e8b96e1ab97ce403110664 -> 
  custom:audio-encoder-webm-vorbis: bf7c407c2cedff20999df2af8eb42d56 -> 
  custom:framework-win-MediaFoundation: 216162199b28c13a410421893ffa2e32 -> 
  custom:container-demuxer-ogg: 62fdf1f143b41e24485cea50d1cbac27 -> 
  custom:video-decoder-webm-vp8: 9c59270c3fd7afecdb556c50c9e8de78 -> 
  custom:audio-decoder-ogg-vorbis: bf7c407c2cedff20999df2af8eb42d56 -> 
========================================================================
Received Import Request.
  Time since last request: 63.151573 seconds.
  path: Assets/Suriyun/Pspsps/Prefab/Characters/Chibi_Cat_00.prefab
  artifactKey: Guid(ca7723b78d9cb3f4591d1de36bfaa445) Importer(815301076,1909f56bfc062723c751e8b465ee728b)
Start importing Assets/Suriyun/Pspsps/Prefab/Characters/Chibi_Cat_00.prefab using Guid(ca7723b78d9cb3f4591d1de36bfaa445) Importer(815301076,1909f56bfc062723c751e8b465ee728b)  -> (artifact id: '4bfd2aa16b9c789cde36a207b690fb05') in 0.290778 seconds 
========================================================================
Received Import Request.
  Time since last request: 0.000034 seconds.
  path: Assets/Suriyun/Pspsps/Prefab/Characters/Chibi_Cat_05.prefab
  artifactKey: Guid(6bcde8da7d11c3145b1ffa422536ddff) Importer(815301076,1909f56bfc062723c751e8b465ee728b)
Start importing Assets/Suriyun/Pspsps/Prefab/Characters/Chibi_Cat_05.prefab using Guid(6bcde8da7d11c3145b1ffa422536ddff) Importer(815301076,1909f56bfc062723c751e8b465ee728b)  -> (artifact id: 'dde7322ebfde164f3a527bd9149831d0') in 0.021841 seconds 
========================================================================
Received Import Request.
  Time since last request: 0.000030 seconds.
  path: Assets/Suriyun/Pspsps/Prefab/Characters/Chibi_Cat_03.prefab
  artifactKey: Guid(720e20d598733f74699ef0e5413891c8) Importer(815301076,1909f56bfc062723c751e8b465ee728b)
Start importing Assets/Suriyun/Pspsps/Prefab/Characters/Chibi_Cat_03.prefab using Guid(720e20d598733f74699ef0e5413891c8) Importer(815301076,1909f56bfc062723c751e8b465ee728b)  -> (artifact id: 'dbe8216702c7064cd4c1f75c3b268b09') in 0.024608 seconds 
========================================================================
Received Import Request.
  Time since last request: 0.000023 seconds.
  path: Assets/Suriyun/Pspsps/Prefab/Characters/Chibi_Cat_07.prefab
  artifactKey: Guid(2a1777b46cb191d409ae3f72d74cea05) Importer(815301076,1909f56bfc062723c751e8b465ee728b)
Start importing Assets/Suriyun/Pspsps/Prefab/Characters/Chibi_Cat_07.prefab using Guid(2a1777b46cb191d409ae3f72d74cea05) Importer(815301076,1909f56bfc062723c751e8b465ee728b)  -> (artifact id: 'e96c608f31b4c04d5a25f062f3aad87f') in 0.022696 seconds 
========================================================================
Received Import Request.
  Time since last request: 0.000026 seconds.
  path: Assets/Suriyun/Pspsps/Prefab/Characters/Chibi_Cat_02.prefab
  artifactKey: Guid(824cb3d3a8a9e6b489447271ad157fad) Importer(815301076,1909f56bfc062723c751e8b465ee728b)
Start importing Assets/Suriyun/Pspsps/Prefab/Characters/Chibi_Cat_02.prefab using Guid(824cb3d3a8a9e6b489447271ad157fad) Importer(815301076,1909f56bfc062723c751e8b465ee728b)  -> (artifact id: '240ab922e123e7ac93ba1ef6f96a3b27') in 0.021561 seconds 
========================================================================
Received Import Request.
  Time since last request: 1.532782 seconds.
  path: Assets/Suriyun/Pspsps/Prefab/Characters/Chibi_Cat_00.prefab
  artifactKey: Guid(ca7723b78d9cb3f4591d1de36bfaa445) Importer(815301076,1909f56bfc062723c751e8b465ee728b)
Start importing Assets/Suriyun/Pspsps/Prefab/Characters/Chibi_Cat_00.prefab using Guid(ca7723b78d9cb3f4591d1de36bfaa445) Importer(815301076,1909f56bfc062723c751e8b465ee728b)  -> (artifact id: '55a206953bdb0923b36d3a13f7ece149') in 0.029663 seconds 
========================================================================
Received Import Request.
  Time since last request: 0.000034 seconds.
  path: Assets/Suriyun/Pspsps/Prefab/Characters/Chibi_Cat_05.prefab
  artifactKey: Guid(6bcde8da7d11c3145b1ffa422536ddff) Importer(815301076,1909f56bfc062723c751e8b465ee728b)
Start importing Assets/Suriyun/Pspsps/Prefab/Characters/Chibi_Cat_05.prefab using Guid(6bcde8da7d11c3145b1ffa422536ddff) Importer(815301076,1909f56bfc062723c751e8b465ee728b)  -> (artifact id: '865c761ca3da52fb30a6b9f76816e757') in 0.027732 seconds 
========================================================================
Received Import Request.
  Time since last request: 0.000022 seconds.
  path: Assets/Suriyun/Pspsps/Prefab/Characters/Chibi_Cat_03.prefab
  artifactKey: Guid(720e20d598733f74699ef0e5413891c8) Importer(815301076,1909f56bfc062723c751e8b465ee728b)
Start importing Assets/Suriyun/Pspsps/Prefab/Characters/Chibi_Cat_03.prefab using Guid(720e20d598733f74699ef0e5413891c8) Importer(815301076,1909f56bfc062723c751e8b465ee728b)  -> (artifact id: '508526561f4f5dfe02f1776d860d6537') in 0.025418 seconds 
========================================================================
Received Import Request.
  Time since last request: 0.000043 seconds.
  path: Assets/Suriyun/Pspsps/Prefab/Characters/Chibi_Cat_07.prefab
  artifactKey: Guid(2a1777b46cb191d409ae3f72d74cea05) Importer(815301076,1909f56bfc062723c751e8b465ee728b)
Start importing Assets/Suriyun/Pspsps/Prefab/Characters/Chibi_Cat_07.prefab using Guid(2a1777b46cb191d409ae3f72d74cea05) Importer(815301076,1909f56bfc062723c751e8b465ee728b)  -> (artifact id: 'b018d2e4bed364617591683c994d0bb1') in 0.029275 seconds 
========================================================================
Received Import Request.
  Time since last request: 0.000020 seconds.
  path: Assets/Suriyun/Pspsps/Prefab/Characters/Chibi_Cat_02.prefab
  artifactKey: Guid(824cb3d3a8a9e6b489447271ad157fad) Importer(815301076,1909f56bfc062723c751e8b465ee728b)
Start importing Assets/Suriyun/Pspsps/Prefab/Characters/Chibi_Cat_02.prefab using Guid(824cb3d3a8a9e6b489447271ad157fad) Importer(815301076,1909f56bfc062723c751e8b465ee728b)  -> (artifact id: '0c5c0cdffc054d3e9a3a0061d94bfa1d') in 0.020949 seconds 
========================================================================
Received Import Request.
  Time since last request: 2.761318 seconds.
  path: Assets/Suriyun/Pspsps/Prefab/Characters/Chibi_Cat_00.prefab
  artifactKey: Guid(ca7723b78d9cb3f4591d1de36bfaa445) Importer(815301076,1909f56bfc062723c751e8b465ee728b)
Start importing Assets/Suriyun/Pspsps/Prefab/Characters/Chibi_Cat_00.prefab using Guid(ca7723b78d9cb3f4591d1de36bfaa445) Importer(815301076,1909f56bfc062723c751e8b465ee728b)  -> (artifact id: '53fd088c7bcc4015b8ebf29067622c97') in 0.025465 seconds 
========================================================================
Received Import Request.
  Time since last request: 0.000046 seconds.
  path: Assets/Suriyun/Pspsps/Prefab/Characters/Chibi_Cat_05.prefab
  artifactKey: Guid(6bcde8da7d11c3145b1ffa422536ddff) Importer(815301076,1909f56bfc062723c751e8b465ee728b)
Start importing Assets/Suriyun/Pspsps/Prefab/Characters/Chibi_Cat_05.prefab using Guid(6bcde8da7d11c3145b1ffa422536ddff) Importer(815301076,1909f56bfc062723c751e8b465ee728b)  -> (artifact id: '031b775e3cb172392e59f5aea3cee208') in 0.019512 seconds 
========================================================================
Received Import Request.
  Time since last request: 0.000039 seconds.
  path: Assets/Suriyun/Pspsps/Prefab/Characters/Chibi_Cat_08.prefab
  artifactKey: Guid(3acf5afc1f4c12347b6b848fb484e41a) Importer(815301076,1909f56bfc062723c751e8b465ee728b)
Start importing Assets/Suriyun/Pspsps/Prefab/Characters/Chibi_Cat_08.prefab using Guid(3acf5afc1f4c12347b6b848fb484e41a) Importer(815301076,1909f56bfc062723c751e8b465ee728b)  -> (artifact id: '4040948b0d600a19f5e09dd7ff931d1f') in 0.026450 seconds 
========================================================================
Received Import Request.
  Time since last request: 0.000026 seconds.
  path: Assets/Suriyun/Pspsps/Prefab/Characters/Chibi_Cat_07.prefab
  artifactKey: Guid(2a1777b46cb191d409ae3f72d74cea05) Importer(815301076,1909f56bfc062723c751e8b465ee728b)
Start importing Assets/Suriyun/Pspsps/Prefab/Characters/Chibi_Cat_07.prefab using Guid(2a1777b46cb191d409ae3f72d74cea05) Importer(815301076,1909f56bfc062723c751e8b465ee728b)  -> (artifact id: '1451deb87103db9a3a0e1334af44615c') in 0.021751 seconds 
========================================================================
Received Import Request.
  Time since last request: 0.000034 seconds.
  path: Assets/Suriyun/Pspsps/Prefab/Characters/Chibi_Cat_02.prefab
  artifactKey: Guid(824cb3d3a8a9e6b489447271ad157fad) Importer(815301076,1909f56bfc062723c751e8b465ee728b)
Start importing Assets/Suriyun/Pspsps/Prefab/Characters/Chibi_Cat_02.prefab using Guid(824cb3d3a8a9e6b489447271ad157fad) Importer(815301076,1909f56bfc062723c751e8b465ee728b)  -> (artifact id: '0657a6162dfb6e83b39536640f1f0322') in 0.018877 seconds 
Editor requested this worker to shutdown with reason: Scaling down because of idle timeout
AssetImportWorker is now disconnected from the server
Process exiting
Exiting without the bug reporter. Application will terminate with return code 0