Using pre-set license
Built from '2021.3/staging' branch; Version is '2021.3.22f1 (b6c551784ba3) revision 11978065'; Using compiler version '192829333'; Build Type 'Release'
OS: 'Windows 11  (10.0.22631) 64bit Professional' Language: 'ko' Physical Memory: 16163 MB
BatchMode: 1, IsHumanControllingUs: 0, StartBugReporterOnCrash: 0, Is64bit: 1, IsPro: 1

COMMAND LINE ARGUMENTS:
C:\Program Files\Unity\Hub\Editor\2021.3.22f1\Editor\Unity.exe
-adb2
-batchMode
-noUpm
-name
AssetImportWorker2
-projectPath
D:/Git/MergeLandProject/My project
-logFile
Logs/AssetImportWorker2.log
-srvPort
51849
Successfully changed project path to: D:/Git/MergeLandProject/My project
D:/Git/MergeLandProject/My project
[UnityMemory] Configuration Parameters - Can be set up in boot.config
    "memorysetup-bucket-allocator-granularity=16"
    "memorysetup-bucket-allocator-bucket-count=8"
    "memorysetup-bucket-allocator-block-size=33554432"
    "memorysetup-bucket-allocator-block-count=8"
    "memorysetup-main-allocator-block-size=16777216"
    "memorysetup-thread-allocator-block-size=16777216"
    "memorysetup-gfx-main-allocator-block-size=16777216"
    "memorysetup-gfx-thread-allocator-block-size=16777216"
    "memorysetup-cache-allocator-block-size=4194304"
    "memorysetup-typetree-allocator-block-size=2097152"
    "memorysetup-profiler-bucket-allocator-granularity=16"
    "memorysetup-profiler-bucket-allocator-bucket-count=8"
    "memorysetup-profiler-bucket-allocator-block-size=33554432"
    "memorysetup-profiler-bucket-allocator-block-count=8"
    "memorysetup-profiler-allocator-block-size=16777216"
    "memorysetup-profiler-editor-allocator-block-size=1048576"
    "memorysetup-temp-allocator-size-main=16777216"
    "memorysetup-job-temp-allocator-block-size=2097152"
    "memorysetup-job-temp-allocator-block-size-background=1048576"
    "memorysetup-job-temp-allocator-reduction-small-platforms=262144"
    "memorysetup-temp-allocator-size-background-worker=32768"
    "memorysetup-temp-allocator-size-job-worker=262144"
    "memorysetup-temp-allocator-size-preload-manager=33554432"
    "memorysetup-temp-allocator-size-nav-mesh-worker=65536"
    "memorysetup-temp-allocator-size-audio-worker=65536"
    "memorysetup-temp-allocator-size-cloud-worker=32768"
    "memorysetup-temp-allocator-size-gi-baking-worker=262144"
    "memorysetup-temp-allocator-size-gfx=262144"
Player connection [7880] Host "[IP] 121.137.68.55 [Port] 0 [Flags] 2 [Guid] 221285996 [EditorId] 221285996 [Version] 1048832 [Id] WindowsEditor(7,DESKTOP-2FNUVDS) [Debug] 1 [PackageName] WindowsEditor [ProjectName] Editor" joined multi-casting on [225.0.0.222:54997]...

Player connection [7880] Host "[IP] 121.137.68.55 [Port] 0 [Flags] 2 [Guid] 221285996 [EditorId] 221285996 [Version] 1048832 [Id] WindowsEditor(7,DESKTOP-2FNUVDS) [Debug] 1 [PackageName] WindowsEditor [ProjectName] Editor" joined alternative multi-casting on [225.0.0.222:34997]...

Refreshing native plugins compatible for Editor in 159.33 ms, found 3 plugins.
Preloading 0 native plugins for Editor in 0.00 ms.
Initialize engine version: 2021.3.22f1 (b6c551784ba3)
[Subsystems] Discovering subsystems at path C:/Program Files/Unity/Hub/Editor/2021.3.22f1/Editor/Data/Resources/UnitySubsystems
[Subsystems] Discovering subsystems at path D:/Git/MergeLandProject/My project/Assets
GfxDevice: creating device client; threaded=0; jobified=0
Direct3D:
    Version:  Direct3D 11.0 [level 11.1]
    Renderer: NVIDIA GeForce GTX 1070 (ID=0x1b81)
    Vendor:   NVIDIA
    VRAM:     8067 MB
    Driver:   32.0.15.6094
Initialize mono
Mono path[0] = 'C:/Program Files/Unity/Hub/Editor/2021.3.22f1/Editor/Data/Managed'
Mono path[1] = 'C:/Program Files/Unity/Hub/Editor/2021.3.22f1/Editor/Data/MonoBleedingEdge/lib/mono/unityjit-win32'
Mono config path = 'C:/Program Files/Unity/Hub/Editor/2021.3.22f1/Editor/Data/MonoBleedingEdge/etc'
Using monoOptions --debugger-agent=transport=dt_socket,embedding=1,server=y,suspend=n,address=127.0.0.1:56300
Begin MonoManager ReloadAssembly
Registering precompiled unity dll's ...
Register platform support module: C:/Program Files/Unity/Hub/Editor/2021.3.22f1/Editor/Data/PlaybackEngines/AndroidPlayer/UnityEditor.Android.Extensions.dll
Register platform support module: C:/Program Files/Unity/Hub/Editor/2021.3.22f1/Editor/Data/PlaybackEngines/iOSSupport/UnityEditor.iOS.Extensions.dll
Register platform support module: C:/Program Files/Unity/Hub/Editor/2021.3.22f1/Editor/Data/PlaybackEngines/WindowsStandaloneSupport/UnityEditor.WindowsStandalone.Extensions.dll
Registered in 0.019443 seconds.
Native extension for WindowsStandalone target not found
Native extension for iOS target not found
Native extension for Android target not found
Android Extension - Scanning For ADB Devices 607 ms
Refreshing native plugins compatible for Editor in 195.98 ms, found 3 plugins.
Preloading 0 native plugins for Editor in 0.00 ms.
Mono: successfully reloaded assembly
- Completed reload, in  1.869 seconds
Domain Reload Profiling:
	ReloadAssembly (1870ms)
		BeginReloadAssembly (129ms)
			ExecutionOrderSort (0ms)
			DisableScriptedObjects (0ms)
			BackupInstance (0ms)
			ReleaseScriptingObjects (0ms)
			CreateAndSetChildDomain (1ms)
		EndReloadAssembly (1558ms)
			LoadAssemblies (126ms)
			RebuildTransferFunctionScriptingTraits (0ms)
			SetupTypeCache (187ms)
			ReleaseScriptCaches (0ms)
			RebuildScriptCaches (83ms)
			SetupLoadedEditorAssemblies (1199ms)
				LogAssemblyErrors (0ms)
				InitializePlatformSupportModulesInManaged (762ms)
				SetLoadedEditorAssemblies (0ms)
				RefreshPlugins (196ms)
				BeforeProcessingInitializeOnLoad (3ms)
				ProcessInitializeOnLoadAttributes (149ms)
				ProcessInitializeOnLoadMethodAttributes (88ms)
				AfterProcessingInitializeOnLoad (0ms)
				EditorAssembliesLoaded (0ms)
			ExecutionOrderSort2 (0ms)
			AwakeInstancesAfterBackupRestoration (0ms)
Platform modules already initialized, skipping
Registering precompiled user dll's ...
Registered in 0.016854 seconds.
Begin MonoManager ReloadAssembly
Native extension for WindowsStandalone target not found
Native extension for iOS target not found
Native extension for Android target not found
Refreshing native plugins compatible for Editor in 141.53 ms, found 3 plugins.
Preloading 0 native plugins for Editor in 0.00 ms.
Mono: successfully reloaded assembly
- Completed reload, in  1.794 seconds
Domain Reload Profiling:
	ReloadAssembly (1795ms)
		BeginReloadAssembly (187ms)
			ExecutionOrderSort (0ms)
			DisableScriptedObjects (7ms)
			BackupInstance (0ms)
			ReleaseScriptingObjects (0ms)
			CreateAndSetChildDomain (25ms)
		EndReloadAssembly (1455ms)
			LoadAssemblies (172ms)
			RebuildTransferFunctionScriptingTraits (0ms)
			SetupTypeCache (390ms)
			ReleaseScriptCaches (1ms)
			RebuildScriptCaches (77ms)
			SetupLoadedEditorAssemblies (806ms)
				LogAssemblyErrors (0ms)
				InitializePlatformSupportModulesInManaged (31ms)
				SetLoadedEditorAssemblies (0ms)
				RefreshPlugins (142ms)
				BeforeProcessingInitializeOnLoad (150ms)
				ProcessInitializeOnLoadAttributes (381ms)
				ProcessInitializeOnLoadMethodAttributes (91ms)
				AfterProcessingInitializeOnLoad (11ms)
				EditorAssembliesLoaded (0ms)
			ExecutionOrderSort2 (0ms)
			AwakeInstancesAfterBackupRestoration (8ms)
Platform modules already initialized, skipping
========================================================================
Worker process is ready to serve import requests
Launched and connected shader compiler UnityShaderCompiler.exe after 0.06 seconds
Refreshing native plugins compatible for Editor in 1.08 ms, found 3 plugins.
Preloading 0 native plugins for Editor in 0.00 ms.
Unloading 5452 Unused Serialized files (Serialized files now loaded: 0)
Unloading 41 unused Assets / (0.7 MB). Loaded Objects now: 5917.
Memory consumption went from 219.5 MB to 218.7 MB.
Total: 4.655700 ms (FindLiveObjects: 0.443900 ms CreateObjectMapping: 0.706600 ms MarkObjects: 3.179900 ms  DeleteObjects: 0.324000 ms)

AssetImportParameters requested are different than current active one (requested -> active):
  custom:video-decoder-ogg-theora: a1e56fd34408186e4bbccfd4996cb3dc -> 
  custom:container-muxer-webm: aa71ff27fc2769a1b78a27578f13a17b -> 
  custom:container-demuxer-webm: 4f35f7cbe854078d1ac9338744f61a02 -> 
  custom:video-encoder-webm-vp8: eb34c28f22e8b96e1ab97ce403110664 -> 
  custom:audio-encoder-webm-vorbis: bf7c407c2cedff20999df2af8eb42d56 -> 
  custom:framework-win-MediaFoundation: 216162199b28c13a410421893ffa2e32 -> 
  custom:container-demuxer-ogg: 62fdf1f143b41e24485cea50d1cbac27 -> 
  custom:video-decoder-webm-vp8: 9c59270c3fd7afecdb556c50c9e8de78 -> 
  custom:audio-decoder-ogg-vorbis: bf7c407c2cedff20999df2af8eb42d56 -> 
========================================================================
Received Import Request.
  Time since last request: 68058.756637 seconds.
  path: Assets/Suriyun/Voxel_Environments/FBX/Materials/Ground_Mix_A.mat
  artifactKey: Guid(f5eaeb695d46f724e92e35b987999744) Importer(815301076,1909f56bfc062723c751e8b465ee728b)
Start importing Assets/Suriyun/Voxel_Environments/FBX/Materials/Ground_Mix_A.mat using Guid(f5eaeb695d46f724e92e35b987999744) Importer(815301076,1909f56bfc062723c751e8b465ee728b)  -> (artifact id: 'b5ad29e958de7a5b2cb3003d924d3574') in 0.317125 seconds 
========================================================================
Received Import Request.
  Time since last request: 0.000033 seconds.
  path: Assets/Suriyun/Voxel_Environments/FBX/Materials/Wood_Bridge_A.mat
  artifactKey: Guid(5cf34addf71c90c43ba38298312b2ef9) Importer(815301076,1909f56bfc062723c751e8b465ee728b)
Start importing Assets/Suriyun/Voxel_Environments/FBX/Materials/Wood_Bridge_A.mat using Guid(5cf34addf71c90c43ba38298312b2ef9) Importer(815301076,1909f56bfc062723c751e8b465ee728b)  -> (artifact id: '5b2bf4ed369fd6147a4f07786c1951aa') in 0.018065 seconds 
========================================================================
Received Import Request.
  Time since last request: 0.000040 seconds.
  path: Assets/Suriyun/Voxel_Environments/FBX/Materials/Flower_B.mat
  artifactKey: Guid(fbe98e41d5834ea489605047cc37bb1d) Importer(815301076,1909f56bfc062723c751e8b465ee728b)
Start importing Assets/Suriyun/Voxel_Environments/FBX/Materials/Flower_B.mat using Guid(fbe98e41d5834ea489605047cc37bb1d) Importer(815301076,1909f56bfc062723c751e8b465ee728b)  -> (artifact id: 'ba21bd11b9659fedb6114036bd4284cb') in 0.019563 seconds 
========================================================================
Received Import Request.
  Time since last request: 0.000034 seconds.
  path: Assets/Suriyun/Voxel_Environments/FBX/Materials/Ground_Sand_Mix_B.mat
  artifactKey: Guid(d299ed7979c49fd4ba75ecc6a855f119) Importer(815301076,1909f56bfc062723c751e8b465ee728b)
Start importing Assets/Suriyun/Voxel_Environments/FBX/Materials/Ground_Sand_Mix_B.mat using Guid(d299ed7979c49fd4ba75ecc6a855f119) Importer(815301076,1909f56bfc062723c751e8b465ee728b)  -> (artifact id: '10ef3fa636a714c1de0d299a1a95b29f') in 0.019586 seconds 
========================================================================
Received Import Request.
  Time since last request: 0.000024 seconds.
  path: Assets/Suriyun/Voxel_Environments/FBX/Materials/Rock_A.mat
  artifactKey: Guid(4c5d10fa77a32224c88971cae65f14b7) Importer(815301076,1909f56bfc062723c751e8b465ee728b)
Start importing Assets/Suriyun/Voxel_Environments/FBX/Materials/Rock_A.mat using Guid(4c5d10fa77a32224c88971cae65f14b7) Importer(815301076,1909f56bfc062723c751e8b465ee728b)  -> (artifact id: '88baeaea88d5d1c2ee8d84574a204f29') in 0.018246 seconds 
========================================================================
Received Import Request.
  Time since last request: 0.000027 seconds.
  path: Assets/Suriyun/Voxel_Environments/FBX/Materials/Flower_A.mat
  artifactKey: Guid(734b1d562566b3543b7f269510195e6d) Importer(815301076,1909f56bfc062723c751e8b465ee728b)
Start importing Assets/Suriyun/Voxel_Environments/FBX/Materials/Flower_A.mat using Guid(734b1d562566b3543b7f269510195e6d) Importer(815301076,1909f56bfc062723c751e8b465ee728b)  -> (artifact id: '43ed0b977b32f574f3ed88c4060fe077') in 0.018311 seconds 
========================================================================
Received Import Request.
  Time since last request: 0.000033 seconds.
  path: Assets/Suriyun/Voxel_Environments/FBX/Materials/Ground_Grass_D.mat
  artifactKey: Guid(0e41c64224f7bbb4bbd3715c49c3ce93) Importer(815301076,1909f56bfc062723c751e8b465ee728b)
Start importing Assets/Suriyun/Voxel_Environments/FBX/Materials/Ground_Grass_D.mat using Guid(0e41c64224f7bbb4bbd3715c49c3ce93) Importer(815301076,1909f56bfc062723c751e8b465ee728b)  -> (artifact id: 'f38c565ed6c75b201b30c20ee879bc76') in 0.019778 seconds 
========================================================================
Received Import Request.
  Time since last request: 0.000034 seconds.
  path: Assets/Suriyun/Voxel_Environments/FBX/Materials/Mushroom_A.mat
  artifactKey: Guid(2f09e2d12a4d38942963533cd6f98518) Importer(815301076,1909f56bfc062723c751e8b465ee728b)
Start importing Assets/Suriyun/Voxel_Environments/FBX/Materials/Mushroom_A.mat using Guid(2f09e2d12a4d38942963533cd6f98518) Importer(815301076,1909f56bfc062723c751e8b465ee728b)  -> (artifact id: 'b2f69698537bb85018a9736e1b07d675') in 0.017812 seconds 
========================================================================
Received Import Request.
  Time since last request: 0.000029 seconds.
  path: Assets/Suriyun/Voxel_Environments/FBX/Materials/Tree_B.mat
  artifactKey: Guid(abcf71fc17ae0104b803df254d4aa913) Importer(815301076,1909f56bfc062723c751e8b465ee728b)
Start importing Assets/Suriyun/Voxel_Environments/FBX/Materials/Tree_B.mat using Guid(abcf71fc17ae0104b803df254d4aa913) Importer(815301076,1909f56bfc062723c751e8b465ee728b)  -> (artifact id: '3394187497bd944e674d8c1d1d139169') in 0.017915 seconds 
========================================================================
Received Import Request.
  Time since last request: 0.000022 seconds.
  path: Assets/Suriyun/Voxel_Environments/FBX/Materials/Treasure_A.mat
  artifactKey: Guid(f8eb3ef69bf098b40a18c00913f8ec81) Importer(815301076,1909f56bfc062723c751e8b465ee728b)
Start importing Assets/Suriyun/Voxel_Environments/FBX/Materials/Treasure_A.mat using Guid(f8eb3ef69bf098b40a18c00913f8ec81) Importer(815301076,1909f56bfc062723c751e8b465ee728b)  -> (artifact id: 'a44646ccc1420e84033620b0bd35501c') in 0.015533 seconds 
========================================================================
Received Import Request.
  Time since last request: 124.505414 seconds.
  path: Assets/02 1.Script
  artifactKey: Guid(3f5e12517805d1e45a049cd2e1fdbc5a) Importer(815301076,1909f56bfc062723c751e8b465ee728b)
Start importing Assets/02 1.Script using Guid(3f5e12517805d1e45a049cd2e1fdbc5a) Importer(815301076,1909f56bfc062723c751e8b465ee728b)  -> (artifact id: '5d0bb8e8794f55d3d7b426e1abde0641') in 0.007058 seconds 
========================================================================
Received Import Request.
  Time since last request: 13.936153 seconds.
  path: Assets/09.Plugin
  artifactKey: Guid(3f5e12517805d1e45a049cd2e1fdbc5a) Importer(815301076,1909f56bfc062723c751e8b465ee728b)
Start importing Assets/09.Plugin using Guid(3f5e12517805d1e45a049cd2e1fdbc5a) Importer(815301076,1909f56bfc062723c751e8b465ee728b)  -> (artifact id: '00453d24d4e437ee0a3bf8c16d122ae8') in 0.007582 seconds 
========================================================================
Received Import Request.
  Time since last request: 29.659932 seconds.
  path: Assets/09.Plugin/Player.inputactions
  artifactKey: Guid(36a87ca80fd0e3e4ead3f35966569370) Importer(815301076,1909f56bfc062723c751e8b465ee728b)
Start importing Assets/09.Plugin/Player.inputactions using Guid(36a87ca80fd0e3e4ead3f35966569370) Importer(815301076,1909f56bfc062723c751e8b465ee728b)  -> (artifact id: '464519d0958d7f9da2d2b447895b62b8') in 0.011517 seconds 
========================================================================
Received Import Request.
  Time since last request: 237.111923 seconds.
  path: Assets/09.Plugin/New Controls.inputactions
  artifactKey: Guid(62de25ca981fca240a207564d62b9e32) Importer(815301076,1909f56bfc062723c751e8b465ee728b)
Start importing Assets/09.Plugin/New Controls.inputactions using Guid(62de25ca981fca240a207564d62b9e32) Importer(815301076,1909f56bfc062723c751e8b465ee728b)  -> (artifact id: 'a8228f979805e09d878b8006e5564eea') in 0.008246 seconds 
========================================================================
Received Import Request.
  Time since last request: 616.271409 seconds.
  path: Assets/New Controls.inputactions
  artifactKey: Guid(36ded27ee94b47b4c9a7322551f6482c) Importer(815301076,1909f56bfc062723c751e8b465ee728b)
Start importing Assets/New Controls.inputactions using Guid(36ded27ee94b47b4c9a7322551f6482c) Importer(815301076,1909f56bfc062723c751e8b465ee728b)  -> (artifact id: 'd9a858ab814df16df6a73607626f037a') in 0.004462 seconds 
